/*C12*/SET SCHEMA PUBLIC
INSERT INTO PRODUTO VALUES(13,'Mesa azul','Mesa com 4 p\u00e9s')
COMMIT
SET SCHEMA PUBLIC
DISCONNECT
/*C14*/SET SCHEMA PUBLIC
INSERT INTO PRODUTO VALUES(14,'Mesa azul','Mesa com 4 p\u00e9s')
COMMIT
SET SCHEMA PUBLIC
DISCONNECT
/*C15*/SET SCHEMA PUBLIC
INSERT INTO PRODUTO VALUES(15,'Mesa azul','Mesa com 4 p\u00e9s')
COMMIT
SET SCHEMA PUBLIC
DISCONNECT
/*C13*/SET SCHEMA PUBLIC
DELETE FROM PRODUTO WHERE ID=15
COMMIT
DELETE FROM PRODUTO WHERE ID=14
COMMIT
/*C16*/SET SCHEMA PUBLIC
DISCONNECT
/*C17*/SET SCHEMA PUBLIC
INSERT INTO PRODUTO VALUES(16,'Mesa azul','Mesa com 4 p\u00e9s')
COMMIT
SET SCHEMA PUBLIC
DISCONNECT
/*C18*/SET SCHEMA PUBLIC
INSERT INTO PRODUTO VALUES(17,'Mesa azul','Mesa com 4 p\u00e9s')
COMMIT
SET SCHEMA PUBLIC
DISCONNECT
